<?xml version="1.0" encoding="UTF-8"?>
<!-- Generated by org.testng.reporters.JUnitXMLReporter -->
<testsuite hostname="DESKTOP-M4622L9" ignored="0" name="Surefire test" tests="2" failures="0" timestamp="2021-03-09T20:14:58 GMT" time="25.488" errors="0">
  <testcase name="runScenario" time="8.662" classname="io.cucumber.testng.AbstractTestNGCucumberTests"/>
  <testcase name="runScenario" time="15.89" classname="io.cucumber.testng.AbstractTestNGCucumberTests"/>
</testsuite> <!-- Surefire test -->
