<?xml version="1.0" encoding="UTF-8"?>
<!-- Generated by org.testng.reporters.JUnitXMLReporter -->
<testsuite hostname="DESKTOP-M4622L9" ignored="0" name="Default test" tests="2" failures="0" timestamp="2021-03-09T20:11:20 GMT" time="30.974" errors="0">
  <testcase name="runScenario" time="11.611" classname="io.cucumber.testng.AbstractTestNGCucumberTests"/>
  <testcase name="runScenario" time="18.44" classname="io.cucumber.testng.AbstractTestNGCucumberTests"/>
</testsuite> <!-- Default test -->
