<?xml version="1.0" encoding="UTF-8"?>
<!-- Generated by org.testng.reporters.JUnitXMLReporter -->
<testsuite hostname="DESKTOP-M4622L9" ignored="0" name="Command line test" tests="7" failures="0" timestamp="2021-03-09T20:14:04 GMT" time="84.709" errors="0">
  <testcase name="runScenario" time="10.236" classname="io.cucumber.testng.AbstractTestNGCucumberTests"/>
  <testcase name="runScenario" time="15.568" classname="io.cucumber.testng.AbstractTestNGCucumberTests"/>
  <testcase name="RestAssuredTest" time="1.936" classname="web_api_automation_fw.RestAssuredTest"/>
  <testcase name="seleniumDemo1" time="9.844" classname="web_api_automation_fw.SeleniumDemoTest"/>
  <testcase name="seleniumDemo2" time="9.28" classname="web_api_automation_fw.SeleniumDemoTest"/>
  <testcase name="seleniumGridDemoTc" time="5.73" classname="web_api_automation_fw.SeleniumGridDemoTest"/>
  <testcase name="testNGDemo" time="0.0" classname="web_api_automation_fw.TestNGDemo"/>
</testsuite> <!-- Command line test -->
