<?xml version="1.0" encoding="UTF-8"?>
<testng-results skipped="0" failed="0" ignored="0" total="2" passed="2">
  <reporter-output>
  </reporter-output>
  <suite name="Surefire suite" duration-ms="25488" started-at="2021-03-09T20:14:32 GMT" finished-at="2021-03-09T20:14:58 GMT">
    <groups>
      <group name="cucumber">
        <method signature="AbstractTestNGCucumberTests.runScenario(io.cucumber.testng.PickleWrapper, io.cucumber.testng.FeatureWrapper)[pri:0, instance:cucumberOptions.RunnerTest@2833cc44]" name="runScenario" class="io.cucumber.testng.AbstractTestNGCucumberTests"/>
      </group> <!-- cucumber -->
    </groups>
    <test name="Surefire test" duration-ms="25488" started-at="2021-03-09T20:14:32 GMT" finished-at="2021-03-09T20:14:58 GMT">
      <class name="cucumberOptions.RunnerTest">
        <test-method status="PASS" signature="setUpClass()[pri:0, instance:cucumberOptions.RunnerTest@2833cc44]" name="setUpClass" is-config="true" duration-ms="700" started-at="2021-03-09T20:14:32 GMT" finished-at="2021-03-09T20:14:33 GMT">
          <reporter-output>
          </reporter-output>
        </test-method> <!-- setUpClass -->
        <test-method status="PASS" signature="runScenario(io.cucumber.testng.PickleWrapper, io.cucumber.testng.FeatureWrapper)[pri:0, instance:cucumberOptions.RunnerTest@2833cc44]" name="runScenario" duration-ms="8662" started-at="2021-03-09T20:14:33 GMT" description="Runs Cucumber Scenarios" data-provider="scenarios" finished-at="2021-03-09T20:14:42 GMT">
          <params>
            <param index="0">
              <value>
                <![CDATA["Verification of broken links in home page"]]>
              </value>
            </param>
            <param index="1">
              <value>
                <![CDATA["Optional[Broken Link Check]"]]>
              </value>
            </param>
          </params>
          <reporter-output>
          </reporter-output>
        </test-method> <!-- runScenario -->
        <test-method status="PASS" signature="runScenario(io.cucumber.testng.PickleWrapper, io.cucumber.testng.FeatureWrapper)[pri:0, instance:cucumberOptions.RunnerTest@2833cc44]" name="runScenario" duration-ms="15890" started-at="2021-03-09T20:14:42 GMT" description="Runs Cucumber Scenarios" data-provider="scenarios" finished-at="2021-03-09T20:14:58 GMT">
          <params>
            <param index="0">
              <value>
                <![CDATA["Verification of students user login"]]>
              </value>
            </param>
            <param index="1">
              <value>
                <![CDATA["Optional[Students Login]"]]>
              </value>
            </param>
          </params>
          <reporter-output>
          </reporter-output>
        </test-method> <!-- runScenario -->
        <test-method status="PASS" signature="tearDownClass()[pri:0, instance:cucumberOptions.RunnerTest@2833cc44]" name="tearDownClass" is-config="true" duration-ms="196" started-at="2021-03-09T20:14:58 GMT" finished-at="2021-03-09T20:14:58 GMT">
          <reporter-output>
          </reporter-output>
        </test-method> <!-- tearDownClass -->
      </class> <!-- cucumberOptions.RunnerTest -->
    </test> <!-- Surefire test -->
  </suite> <!-- Surefire suite -->
</testng-results>
