<?xml version="1.0" encoding="UTF-8" ?>
<testsuite tests="7" failures="0" name="TestSuite" time="52.608" errors="0" skipped="0">
  <properties>
[...]
</properties>
  <testcase classname="cucumberOptions.RunnerTest" name="runScenario" time="10.256"/>
  <testcase classname="cucumberOptions.RunnerTest" name="runScenario" time="15.55"/>
  <testcase classname="web_api_automation_fw.RestAssuredTest" name="RestAssuredTest" time="1.928"/>
  <testcase classname="web_api_automation_fw.SeleniumDemoTest" name="seleniumDemo1" time="9.844"/>
  <testcase classname="web_api_automation_fw.SeleniumDemoTest" name="seleniumDemo2" time="9.281"/>
  <testcase classname="web_api_automation_fw.SeleniumGridDemoTest" name="seleniumGridDemoTc" time="5.744"/>
  <testcase classname="web_api_automation_fw.TestNGDemo" name="testNGDemo" time="0.005"/>
</testsuite>