<?xml version="1.0" encoding="UTF-8"?>
<testng-results skipped="0" failed="0" ignored="0" total="2" passed="2">
  <reporter-output>
  </reporter-output>
  <suite name="Default suite" duration-ms="30974" started-at="2021-03-09T20:10:49 GMT" finished-at="2021-03-09T20:11:20 GMT">
    <groups>
      <group name="cucumber">
        <method signature="AbstractTestNGCucumberTests.runScenario(io.cucumber.testng.PickleWrapper, io.cucumber.testng.FeatureWrapper)[pri:0, instance:cucumberOptions.RunnerTest@7403c468]" name="runScenario" class="io.cucumber.testng.AbstractTestNGCucumberTests"/>
      </group> <!-- cucumber -->
    </groups>
    <test name="Default test" duration-ms="30974" started-at="2021-03-09T20:10:49 GMT" finished-at="2021-03-09T20:11:20 GMT">
      <class name="cucumberOptions.RunnerTest">
        <test-method status="PASS" signature="setUpClass()[pri:0, instance:cucumberOptions.RunnerTest@7403c468]" name="setUpClass" is-config="true" duration-ms="632" started-at="2021-03-09T20:10:49 GMT" finished-at="2021-03-09T20:10:50 GMT">
          <reporter-output>
          </reporter-output>
        </test-method> <!-- setUpClass -->
        <test-method status="PASS" signature="runScenario(io.cucumber.testng.PickleWrapper, io.cucumber.testng.FeatureWrapper)[pri:0, instance:cucumberOptions.RunnerTest@7403c468]" name="runScenario" duration-ms="11611" started-at="2021-03-09T20:10:50 GMT" description="Runs Cucumber Scenarios" data-provider="scenarios" finished-at="2021-03-09T20:11:02 GMT">
          <params>
            <param index="0">
              <value>
                <![CDATA["Verification of broken links in home page"]]>
              </value>
            </param>
            <param index="1">
              <value>
                <![CDATA["Optional[Broken Link Check]"]]>
              </value>
            </param>
          </params>
          <reporter-output>
          </reporter-output>
        </test-method> <!-- runScenario -->
        <test-method status="PASS" signature="runScenario(io.cucumber.testng.PickleWrapper, io.cucumber.testng.FeatureWrapper)[pri:0, instance:cucumberOptions.RunnerTest@7403c468]" name="runScenario" duration-ms="18440" started-at="2021-03-09T20:11:02 GMT" description="Runs Cucumber Scenarios" data-provider="scenarios" finished-at="2021-03-09T20:11:20 GMT">
          <params>
            <param index="0">
              <value>
                <![CDATA["Verification of students user login"]]>
              </value>
            </param>
            <param index="1">
              <value>
                <![CDATA["Optional[Students Login]"]]>
              </value>
            </param>
          </params>
          <reporter-output>
          </reporter-output>
        </test-method> <!-- runScenario -->
        <test-method status="PASS" signature="tearDownClass()[pri:0, instance:cucumberOptions.RunnerTest@7403c468]" name="tearDownClass" is-config="true" duration-ms="249" started-at="2021-03-09T20:11:20 GMT" finished-at="2021-03-09T20:11:20 GMT">
          <reporter-output>
          </reporter-output>
        </test-method> <!-- tearDownClass -->
      </class> <!-- cucumberOptions.RunnerTest -->
    </test> <!-- Default test -->
  </suite> <!-- Default suite -->
</testng-results>
